<?xml version="1.0" encoding="UTF-8"?>
<!-- Generated by org.testng.reporters.JUnitReportReporter -->
<testsuite hostname="DESKTOP-C6107AP" failures="0" tests="2" name="test.Suite1" time="43.312" errors="0" timestamp="2021-02-10T18:33:32 PST" skipped="0">
  <testcase classname="test.Suite1" name="register" time="20.192"/>
  <system-out/>
  <testcase classname="test.Suite1" name="login" time="23.120"/>
  <system-out/>
</testsuite> <!-- test.Suite1 -->
